SF:lib/domain/types/health_status.dart
DA:6,0
DA:7,0
DA:8,0
LF:3
LH:0
end_of_record
SF:lib/domain/use_cases/health_score_use_case.dart
DA:8,1
DA:14,1
DA:19,3
DA:23,2
DA:24,1
DA:25,1
DA:29,1
DA:31,1
DA:35,1
DA:40,1
DA:45,2
DA:47,1
DA:50,1
LF:13
LH:13
end_of_record
SF:lib/ui/features/wellness_calculator/cubit/wellness_calculator_state.dart
DA:10,10
DA:12,8
DA:19,1
DA:25,1
DA:26,1
DA:27,1
DA:29,1
DA:32,1
DA:33,1
DA:34,1
DA:35,1
DA:36,1
DA:37,1
LF:13
LH:13
end_of_record
SF:lib/ui/features/wellness_calculator/cubit/wellness_calculator_cubit.dart
DA:12,1
DA:14,1
DA:16,1
DA:17,3
DA:20,1
DA:21,3
DA:24,1
DA:25,2
DA:28,2
DA:29,2
DA:30,2
DA:32,3
DA:34,3
DA:35,1
DA:36,0
DA:41,1
DA:42,3
LF:17
LH:16
end_of_record
SF:lib/ui/widgets/text/input/currency_text_input_formatter.dart
DA:5,2
DA:7,6
DA:12,2
DA:17,6
DA:18,8
DA:20,8
DA:27,2
DA:29,4
LF:8
LH:8
end_of_record
SF:lib/config/navigator/app_router.dart
DA:10,0
DA:12,0
DA:13,0
DA:15,0
DA:17,0
DA:19,0
DA:20,0
DA:21,0
LF:8
LH:0
end_of_record
SF:lib/ui/features/wellness_calculator/wellness_calculator_screen.dart
DA:22,4
DA:29,1
DA:31,1
DA:32,1
DA:34,1
DA:35,2
DA:36,1
DA:37,2
DA:38,1
DA:39,2
DA:40,0
DA:43,1
DA:44,2
DA:45,1
DA:46,1
DA:47,1
DA:50,1
DA:54,3
DA:56,1
DA:59,1
DA:60,0
DA:61,1
DA:63,1
DA:64,2
DA:65,1
DA:66,1
DA:67,1
DA:68,2
DA:74,1
DA:75,1
DA:76,1
DA:77,2
DA:78,2
DA:79,1
DA:80,1
DA:82,1
DA:84,2
DA:103,3
DA:105,1
DA:107,1
DA:108,1
DA:109,1
DA:110,1
DA:111,1
DA:113,1
DA:116,2
DA:117,1
DA:119,1
DA:122,2
DA:123,1
DA:124,1
DA:125,1
DA:127,1
DA:128,1
DA:131,1
DA:132,2
DA:133,1
LF:57
LH:55
end_of_record
SF:lib/ui/features/wellness_result/wellness_result_screen.dart
DA:20,1
DA:25,1
DA:27,1
DA:28,1
DA:30,1
DA:31,1
DA:33,1
DA:34,1
DA:35,2
DA:36,1
DA:37,1
DA:38,1
DA:39,2
DA:45,1
DA:46,1
DA:47,1
DA:48,2
DA:49,1
DA:50,1
DA:52,3
DA:53,1
DA:55,1
DA:57,1
DA:58,2
DA:59,1
DA:61,2
DA:62,1
DA:64,1
DA:77,1
DA:79,1
DA:81,1
DA:83,1
DA:88,1
DA:90,1
DA:92,1
DA:94,1
LF:36
LH:36
end_of_record
SF:lib/ui/core/shared_widgets/bounce_wrapper.dart
DA:6,0
DA:13,0
DA:15,2
DA:22,4
DA:30,2
DA:31,2
DA:40,2
DA:42,2
DA:44,6
DA:45,2
DA:50,10
DA:51,2
DA:52,2
DA:53,2
DA:57,2
DA:60,2
DA:62,2
DA:63,4
DA:64,2
DA:65,2
DA:66,2
DA:67,2
DA:68,6
DA:70,4
DA:71,8
DA:72,0
DA:74,2
DA:75,2
DA:76,4
DA:77,4
DA:80,4
DA:86,2
DA:88,4
DA:89,2
DA:92,2
DA:93,4
DA:95,4
DA:96,4
DA:98,2
DA:99,2
DA:100,2
DA:101,2
DA:105,4
DA:106,4
LF:44
LH:41
end_of_record
SF:lib/ui/core/shared_widgets/snackbar_error.dart
DA:7,0
DA:11,0
DA:12,0
DA:14,0
DA:15,0
DA:16,0
DA:18,0
DA:20,0
DA:22,0
DA:23,0
DA:25,0
DA:27,0
DA:29,0
DA:30,0
DA:31,0
LF:15
LH:0
end_of_record
SF:lib/ui/widgets/text/app_text.dart
DA:5,0
DA:10,0
DA:12,2
DA:17,4
DA:19,0
DA:24,0
DA:26,0
DA:31,0
DA:33,0
DA:38,0
DA:40,2
DA:45,4
DA:47,1
DA:52,2
DA:54,2
DA:59,4
DA:66,2
DA:68,2
DA:69,6
DA:70,4
DA:72,2
DA:73,2
DA:75,2
LF:23
LH:15
end_of_record
SF:lib/ui/widgets/app_bar_widget.dart
DA:7,6
DA:9,2
DA:11,2
DA:13,2
DA:14,2
DA:16,4
DA:23,2
DA:24,4
LF:8
LH:8
end_of_record
SF:lib/ui/widgets/button/app_button.dart
DA:6,1
DA:14,1
DA:28,2
DA:30,6
DA:32,2
DA:33,2
DA:34,2
DA:35,2
DA:36,2
DA:37,2
DA:38,2
DA:39,4
DA:40,4
DA:42,2
DA:43,2
DA:44,2
DA:45,2
DA:46,5
DA:47,2
DA:50,2
DA:51,2
DA:52,2
DA:53,4
DA:54,2
DA:63,2
DA:64,3
DA:65,2
DA:68,2
DA:69,6
DA:70,5
DA:74,2
DA:75,6
DA:76,2
DA:77,1
DA:85,4
DA:86,4
LF:36
LH:36
end_of_record
SF:lib/ui/widgets/card_widget.dart
DA:5,2
DA:12,2
DA:14,2
DA:16,6
DA:17,2
DA:18,4
DA:19,4
DA:20,4
DA:22,2
LF:9
LH:9
end_of_record
SF:lib/ui/widgets/rich_text_header.dart
DA:5,6
DA:14,2
DA:16,2
DA:17,2
DA:19,2
DA:21,2
DA:22,2
DA:23,4
DA:24,2
DA:26,2
DA:27,2
DA:28,2
DA:29,4
DA:30,2
LF:14
LH:14
end_of_record
SF:lib/ui/widgets/secure_text_widget.dart
DA:9,6
DA:13,2
DA:15,2
DA:16,2
DA:17,2
DA:18,6
DA:19,2
DA:20,2
DA:21,2
DA:23,2
DA:24,2
DA:26,4
DA:27,2
DA:29,2
LF:14
LH:14
end_of_record
SF:lib/ui/widgets/text/input/finance_input_field.dart
DA:10,1
DA:25,1
DA:27,3
DA:28,1
DA:30,1
DA:32,1
DA:33,2
DA:34,2
DA:35,1
DA:36,1
DA:37,1
DA:38,1
DA:39,4
DA:41,2
DA:42,1
DA:43,1
DA:45,1
DA:47,1
DA:48,1
DA:49,1
DA:50,1
DA:52,1
DA:53,1
DA:56,2
DA:57,1
DA:58,2
DA:59,1
DA:61,1
DA:62,2
DA:63,1
DA:65,1
DA:66,2
DA:67,1
DA:69,1
DA:70,2
DA:71,1
DA:74,0
DA:75,0
DA:76,0
DA:86,1
DA:87,3
LF:41
LH:38
end_of_record
SF:lib/ui/features/wellness_result/components/score_indicator.dart
DA:7,1
DA:14,1
DA:16,1
DA:19,2
DA:20,2
DA:22,1
DA:23,3
DA:24,1
DA:26,1
DA:27,1
DA:29,1
DA:34,1
DA:36,1
DA:37,2
DA:41,1
DA:43,1
DA:44,2
DA:53,1
DA:55,1
DA:56,1
DA:57,1
DA:58,1
DA:59,1
DA:60,1
DA:64,1
DA:66,1
DA:68,1
DA:70,1
LF:28
LH:28
end_of_record
SF:lib/ui/features/wellness_result/components/segmented_progress_painter.dart
DA:7,1
DA:12,1
DA:14,1
DA:15,2
DA:16,1
DA:18,1
DA:19,1
DA:20,2
DA:22,1
DA:23,1
DA:24,2
DA:25,1
DA:26,3
DA:27,1
DA:30,2
DA:33,1
DA:35,2
DA:40,1
DA:41,1
DA:42,2
DA:43,1
DA:48,1
DA:51,0
LF:23
LH:22
end_of_record
